[2022-02-07 21:48:52.957] [INFO] pomelo - [32m[/Users/bogdan.gherghina/Documents/TestERPK/HelloWorld/game-server/node_modules/pomelo/lib/application.js] [39mapplication inited: "connector-server-1"
[2022-02-07 21:48:53.100] [INFO] pomelo - [32m[/Users/bogdan.gherghina/Documents/TestERPK/HelloWorld/game-server/node_modules/pomelo/lib/application.js] [39m"connector-server-1" enter after start...
[2022-02-07 21:48:53.102] [INFO] pomelo - [32m[/Users/bogdan.gherghina/Documents/TestERPK/HelloWorld/game-server/node_modules/pomelo/lib/application.js] [39m"connector-server-1" finish start
[2022-02-07 21:48:53.102] [INFO] pomelo - [32m[/Users/bogdan.gherghina/Documents/TestERPK/HelloWorld/game-server/node_modules/pomelo/lib/application.js] [39m"connector-server-1" startup in 128 ms
[2022-02-07 21:49:54.194] [DEBUG] pomelo - [36m[/Users/bogdan.gherghina/Documents/TestERPK/HelloWorld/game-server/node_modules/pomelo/lib/components/connector.js] [39m[connector-server-1] getSession session is created with session id: 1
[2022-02-07 21:49:54.209] [DEBUG] pomelo - [36m[/Users/bogdan.gherghina/Documents/TestERPK/HelloWorld/game-server/node_modules/pomelo/lib/components/connector.js] [39m[connector-server-1] handleMessage session id: 1, msg: {"id":1,"type":0,"compressRoute":0,"route":"connector.entryHandler.entry","body":"hello pomelo","compressGzip":0}
[2022-02-07 21:49:54.216] [DEBUG] pomelo - [36m[/Users/bogdan.gherghina/Documents/TestERPK/HelloWorld/game-server/node_modules/pomelo/lib/components/connector.js] [39m[connector-server-1] send message reqId: 1, route: connector.entryHandler.entry, msg: {"code":200,"msg":"game server is ok."}, receivers: [1], opts: {"type":"response","userOptions":{},"isResponse":true}
[2022-02-07 21:50:42.782] [DEBUG] pomelo - [36m[/Users/bogdan.gherghina/Documents/TestERPK/HelloWorld/game-server/node_modules/pomelo/lib/common/service/sessionService.js] [39msession on [connector-server-1] is closed with session id: 1
[2022-02-07 21:50:50.599] [DEBUG] pomelo - [36m[/Users/bogdan.gherghina/Documents/TestERPK/HelloWorld/game-server/node_modules/pomelo/lib/components/connector.js] [39m[connector-server-1] getSession session is created with session id: 2
[2022-02-07 21:50:50.607] [DEBUG] pomelo - [36m[/Users/bogdan.gherghina/Documents/TestERPK/HelloWorld/game-server/node_modules/pomelo/lib/components/connector.js] [39m[connector-server-1] handleMessage session id: 2, msg: {"id":1,"type":0,"compressRoute":0,"route":"connector.entryHandler.entry","body":"hello pomelo","compressGzip":0}
[2022-02-07 21:50:50.607] [DEBUG] pomelo - [36m[/Users/bogdan.gherghina/Documents/TestERPK/HelloWorld/game-server/node_modules/pomelo/lib/components/connector.js] [39m[connector-server-1] send message reqId: 1, route: connector.entryHandler.entry, msg: {"code":200,"msg":"game server is ok."}, receivers: [2], opts: {"type":"response","userOptions":{},"isResponse":true}
[2022-02-07 21:51:00.977] [DEBUG] pomelo - [36m[/Users/bogdan.gherghina/Documents/TestERPK/HelloWorld/game-server/node_modules/pomelo/lib/common/service/sessionService.js] [39msession on [connector-server-1] is closed with session id: 2
[2022-02-07 21:51:51.398] [DEBUG] pomelo - [36m[/Users/bogdan.gherghina/Documents/TestERPK/HelloWorld/game-server/node_modules/pomelo/lib/components/connector.js] [39m[connector-server-1] getSession session is created with session id: 3
[2022-02-07 21:51:51.407] [DEBUG] pomelo - [36m[/Users/bogdan.gherghina/Documents/TestERPK/HelloWorld/game-server/node_modules/pomelo/lib/components/connector.js] [39m[connector-server-1] handleMessage session id: 3, msg: {"id":1,"type":0,"compressRoute":0,"route":"connector.entryHandler.entry","body":"hello pomelo","compressGzip":0}
[2022-02-07 21:51:51.408] [DEBUG] pomelo - [36m[/Users/bogdan.gherghina/Documents/TestERPK/HelloWorld/game-server/node_modules/pomelo/lib/components/connector.js] [39m[connector-server-1] send message reqId: 1, route: connector.entryHandler.entry, msg: {"code":200,"msg":"game server is ok."}, receivers: [3], opts: {"type":"response","userOptions":{},"isResponse":true}
[2022-02-07 21:51:54.469] [DEBUG] pomelo - [36m[/Users/bogdan.gherghina/Documents/TestERPK/HelloWorld/game-server/node_modules/pomelo/lib/common/service/sessionService.js] [39msession on [connector-server-1] is closed with session id: 3
[2022-02-07 21:51:56.663] [DEBUG] pomelo - [36m[/Users/bogdan.gherghina/Documents/TestERPK/HelloWorld/game-server/node_modules/pomelo/lib/components/connector.js] [39m[connector-server-1] getSession session is created with session id: 4
[2022-02-07 21:51:56.668] [DEBUG] pomelo - [36m[/Users/bogdan.gherghina/Documents/TestERPK/HelloWorld/game-server/node_modules/pomelo/lib/components/connector.js] [39m[connector-server-1] handleMessage session id: 4, msg: {"id":1,"type":0,"compressRoute":0,"route":"connector.entryHandler.entry","body":"hello pomelo","compressGzip":0}
[2022-02-07 21:51:56.669] [DEBUG] pomelo - [36m[/Users/bogdan.gherghina/Documents/TestERPK/HelloWorld/game-server/node_modules/pomelo/lib/components/connector.js] [39m[connector-server-1] send message reqId: 1, route: connector.entryHandler.entry, msg: {"code":200,"msg":"game server is ok."}, receivers: [4], opts: {"type":"response","userOptions":{},"isResponse":true}
[2022-02-07 21:52:03.790] [DEBUG] pomelo - [36m[/Users/bogdan.gherghina/Documents/TestERPK/HelloWorld/game-server/node_modules/pomelo/lib/common/service/sessionService.js] [39msession on [connector-server-1] is closed with session id: 4
[2022-02-07 21:52:04.697] [DEBUG] pomelo - [36m[/Users/bogdan.gherghina/Documents/TestERPK/HelloWorld/game-server/node_modules/pomelo/lib/components/connector.js] [39m[connector-server-1] getSession session is created with session id: 5
[2022-02-07 21:52:04.704] [DEBUG] pomelo - [36m[/Users/bogdan.gherghina/Documents/TestERPK/HelloWorld/game-server/node_modules/pomelo/lib/components/connector.js] [39m[connector-server-1] handleMessage session id: 5, msg: {"id":1,"type":0,"compressRoute":0,"route":"connector.entryHandler.entry","body":"hello pomelo","compressGzip":0}
[2022-02-07 21:52:04.705] [DEBUG] pomelo - [36m[/Users/bogdan.gherghina/Documents/TestERPK/HelloWorld/game-server/node_modules/pomelo/lib/components/connector.js] [39m[connector-server-1] send message reqId: 1, route: connector.entryHandler.entry, msg: {"code":200,"msg":"game server is ok."}, receivers: [5], opts: {"type":"response","userOptions":{},"isResponse":true}
[2022-02-07 21:52:18.879] [INFO] pomelo - [32m[/Users/bogdan.gherghina/Documents/TestERPK/HelloWorld/game-server/node_modules/pomelo/lib/application.js] [39mapplication inited: "connector-server-1"
[2022-02-07 21:52:19.026] [INFO] pomelo - [32m[/Users/bogdan.gherghina/Documents/TestERPK/HelloWorld/game-server/node_modules/pomelo/lib/application.js] [39m"connector-server-1" enter after start...
[2022-02-07 21:52:19.028] [INFO] pomelo - [32m[/Users/bogdan.gherghina/Documents/TestERPK/HelloWorld/game-server/node_modules/pomelo/lib/application.js] [39m"connector-server-1" finish start
[2022-02-07 21:52:19.028] [INFO] pomelo - [32m[/Users/bogdan.gherghina/Documents/TestERPK/HelloWorld/game-server/node_modules/pomelo/lib/application.js] [39m"connector-server-1" startup in 132 ms
[2022-02-07 21:52:23.274] [DEBUG] pomelo - [36m[/Users/bogdan.gherghina/Documents/TestERPK/HelloWorld/game-server/node_modules/pomelo/lib/components/connector.js] [39m[connector-server-1] getSession session is created with session id: 1
[2022-02-07 21:52:23.289] [DEBUG] pomelo - [36m[/Users/bogdan.gherghina/Documents/TestERPK/HelloWorld/game-server/node_modules/pomelo/lib/components/connector.js] [39m[connector-server-1] handleMessage session id: 1, msg: {"id":1,"type":0,"compressRoute":0,"route":"connector.entryHandler.entry","body":"hello pomelo","compressGzip":0}
[2022-02-07 21:52:23.294] [DEBUG] pomelo - [36m[/Users/bogdan.gherghina/Documents/TestERPK/HelloWorld/game-server/node_modules/pomelo/lib/components/connector.js] [39m[connector-server-1] send message reqId: 1, route: connector.entryHandler.entry, msg: {"code":200,"msg":"Serverul a pornit"}, receivers: [1], opts: {"type":"response","userOptions":{},"isResponse":true}
[2022-02-07 21:57:58.691] [DEBUG] pomelo - [36m[/Users/bogdan.gherghina/Documents/TestERPK/HelloWorld/game-server/node_modules/pomelo/lib/components/connector.js] [39m[connector-server-1] getSession session is created with session id: 2
[2022-02-07 21:57:58.696] [DEBUG] pomelo - [36m[/Users/bogdan.gherghina/Documents/TestERPK/HelloWorld/game-server/node_modules/pomelo/lib/components/connector.js] [39m[connector-server-1] handleMessage session id: 2, msg: {"id":2,"type":0,"compressRoute":0,"route":"connector.entryHandler.entry","body":"hello pomelo","compressGzip":0}
[2022-02-07 21:57:58.697] [DEBUG] pomelo - [36m[/Users/bogdan.gherghina/Documents/TestERPK/HelloWorld/game-server/node_modules/pomelo/lib/components/connector.js] [39m[connector-server-1] send message reqId: 2, route: connector.entryHandler.entry, msg: {"code":200,"msg":"Serverul a pornit"}, receivers: [2], opts: {"type":"response","userOptions":{},"isResponse":true}
[2022-02-07 21:58:01.044] [DEBUG] pomelo - [36m[/Users/bogdan.gherghina/Documents/TestERPK/HelloWorld/game-server/node_modules/pomelo/lib/common/service/sessionService.js] [39msession on [connector-server-1] is closed with session id: 2
[2022-02-07 21:58:01.047] [DEBUG] pomelo - [36m[/Users/bogdan.gherghina/Documents/TestERPK/HelloWorld/game-server/node_modules/pomelo/lib/common/service/sessionService.js] [39msession on [connector-server-1] is closed with session id: 1
[2022-02-07 21:58:04.707] [DEBUG] pomelo - [36m[/Users/bogdan.gherghina/Documents/TestERPK/HelloWorld/game-server/node_modules/pomelo/lib/components/connector.js] [39m[connector-server-1] getSession session is created with session id: 3
[2022-02-07 21:58:04.714] [DEBUG] pomelo - [36m[/Users/bogdan.gherghina/Documents/TestERPK/HelloWorld/game-server/node_modules/pomelo/lib/components/connector.js] [39m[connector-server-1] handleMessage session id: 3, msg: {"id":1,"type":0,"compressRoute":0,"route":"connector.entryHandler.entry","body":"hello pomelo","compressGzip":0}
[2022-02-07 21:58:04.714] [DEBUG] pomelo - [36m[/Users/bogdan.gherghina/Documents/TestERPK/HelloWorld/game-server/node_modules/pomelo/lib/components/connector.js] [39m[connector-server-1] send message reqId: 1, route: connector.entryHandler.entry, msg: {"code":200,"msg":"Serverul a pornit"}, receivers: [3], opts: {"type":"response","userOptions":{},"isResponse":true}
[2022-02-07 21:59:52.190] [DEBUG] pomelo - [36m[/Users/bogdan.gherghina/Documents/TestERPK/HelloWorld/game-server/node_modules/pomelo/lib/components/connector.js] [39m[connector-server-1] getSession session is created with session id: 4
[2022-02-07 21:59:52.196] [DEBUG] pomelo - [36m[/Users/bogdan.gherghina/Documents/TestERPK/HelloWorld/game-server/node_modules/pomelo/lib/components/connector.js] [39m[connector-server-1] handleMessage session id: 4, msg: {"id":2,"type":0,"compressRoute":0,"route":"connector.entryHandler.entry","body":"hello pomelo","compressGzip":0}
[2022-02-07 21:59:52.196] [DEBUG] pomelo - [36m[/Users/bogdan.gherghina/Documents/TestERPK/HelloWorld/game-server/node_modules/pomelo/lib/components/connector.js] [39m[connector-server-1] send message reqId: 2, route: connector.entryHandler.entry, msg: {"code":200,"msg":"Serverul a pornit"}, receivers: [4], opts: {"type":"response","userOptions":{},"isResponse":true}
[2022-02-07 21:59:56.381] [INFO] pomelo - [32m[/Users/bogdan.gherghina/Documents/TestERPK/HelloWorld/game-server/node_modules/pomelo/lib/connectors/commands/heartbeat.js] [39mclient 3 heartbeat timeout.
[2022-02-07 21:59:56.382] [DEBUG] pomelo - [36m[/Users/bogdan.gherghina/Documents/TestERPK/HelloWorld/game-server/node_modules/pomelo/lib/common/service/sessionService.js] [39msession on [connector-server-1] is closed with session id: 3
[2022-02-07 22:48:55.745] [DEBUG] pomelo - [36m[/Users/bogdan.gherghina/Documents/TestERPK/HelloWorld/game-server/node_modules/pomelo/lib/common/service/sessionService.js] [39msession on [connector-server-1] is closed with session id: 4
[2022-02-09 14:36:46.936] [INFO] pomelo - [32m[/Users/bogdan.gherghina/Documents/TestERPK/HelloWorld/game-server/node_modules/pomelo/lib/application.js] [39mapplication inited: "connector-server-1"
[2022-02-09 14:36:47.114] [INFO] pomelo - [32m[/Users/bogdan.gherghina/Documents/TestERPK/HelloWorld/game-server/node_modules/pomelo/lib/application.js] [39m"connector-server-1" enter after start...
[2022-02-09 14:36:47.116] [INFO] pomelo - [32m[/Users/bogdan.gherghina/Documents/TestERPK/HelloWorld/game-server/node_modules/pomelo/lib/application.js] [39m"connector-server-1" finish start
[2022-02-09 14:36:47.116] [INFO] pomelo - [32m[/Users/bogdan.gherghina/Documents/TestERPK/HelloWorld/game-server/node_modules/pomelo/lib/application.js] [39m"connector-server-1" startup in 150 ms
[2022-02-09 14:37:05.370] [DEBUG] pomelo - [36m[/Users/bogdan.gherghina/Documents/TestERPK/HelloWorld/game-server/node_modules/pomelo/lib/components/connector.js] [39m[connector-server-1] getSession session is created with session id: 1
[2022-02-09 14:37:05.388] [DEBUG] pomelo - [36m[/Users/bogdan.gherghina/Documents/TestERPK/HelloWorld/game-server/node_modules/pomelo/lib/components/connector.js] [39m[connector-server-1] handleMessage session id: 1, msg: {"id":1,"type":0,"compressRoute":0,"route":"connector.entryHandler.longestSequenceOfZeroes","body":"hello","compressGzip":0}
[2022-02-09 14:37:05.394] [DEBUG] pomelo - [36m[/Users/bogdan.gherghina/Documents/TestERPK/HelloWorld/game-server/node_modules/pomelo/lib/components/connector.js] [39m[connector-server-1] send message reqId: 1, route: connector.entryHandler.longestSequenceOfZeroes, msg: {"code":200,"msg":1}, receivers: [1], opts: {"type":"response","userOptions":{},"isResponse":true}
[2022-02-09 14:37:11.388] [INFO] pomelo - [32m[/Users/bogdan.gherghina/Documents/TestERPK/HelloWorld/game-server/node_modules/pomelo/lib/connectors/commands/heartbeat.js] [39mclient 1 heartbeat timeout.
[2022-02-09 14:37:11.390] [DEBUG] pomelo - [36m[/Users/bogdan.gherghina/Documents/TestERPK/HelloWorld/game-server/node_modules/pomelo/lib/common/service/sessionService.js] [39msession on [connector-server-1] is closed with session id: 1
[2022-02-09 14:37:56.497] [INFO] pomelo - [32m[/Users/bogdan.gherghina/Documents/TestERPK/HelloWorld/game-server/node_modules/pomelo/lib/application.js] [39mapplication inited: "connector-server-1"
[2022-02-09 14:37:56.680] [INFO] pomelo - [32m[/Users/bogdan.gherghina/Documents/TestERPK/HelloWorld/game-server/node_modules/pomelo/lib/application.js] [39m"connector-server-1" enter after start...
[2022-02-09 14:37:56.683] [INFO] pomelo - [32m[/Users/bogdan.gherghina/Documents/TestERPK/HelloWorld/game-server/node_modules/pomelo/lib/application.js] [39m"connector-server-1" finish start
[2022-02-09 14:37:56.683] [INFO] pomelo - [32m[/Users/bogdan.gherghina/Documents/TestERPK/HelloWorld/game-server/node_modules/pomelo/lib/application.js] [39m"connector-server-1" startup in 164 ms
[2022-02-09 14:38:00.808] [DEBUG] pomelo - [36m[/Users/bogdan.gherghina/Documents/TestERPK/HelloWorld/game-server/node_modules/pomelo/lib/components/connector.js] [39m[connector-server-1] getSession session is created with session id: 1
[2022-02-09 14:38:00.815] [DEBUG] pomelo - [36m[/Users/bogdan.gherghina/Documents/TestERPK/HelloWorld/game-server/node_modules/pomelo/lib/components/connector.js] [39m[connector-server-1] handleMessage session id: 1, msg: {"id":2,"type":0,"compressRoute":0,"route":"connector.entryHandler.longestSequenceOfZeroes","body":"hello","compressGzip":0}
[2022-02-09 14:38:00.816] [DEBUG] pomelo - [36m[/Users/bogdan.gherghina/Documents/TestERPK/HelloWorld/game-server/node_modules/pomelo/lib/components/connector.js] [39m[connector-server-1] send message reqId: 2, route: connector.entryHandler.longestSequenceOfZeroes, msg: {"code":200,"msg":2}, receivers: [1], opts: {"type":"response","userOptions":{},"isResponse":true}
[2022-02-09 14:45:10.164] [INFO] pomelo - [32m[/Users/bogdan.gherghina/Documents/TestERPK/HelloWorld/game-server/node_modules/pomelo/lib/application.js] [39mapplication inited: "connector-server-1"
[2022-02-09 14:45:10.344] [INFO] pomelo - [32m[/Users/bogdan.gherghina/Documents/TestERPK/HelloWorld/game-server/node_modules/pomelo/lib/application.js] [39m"connector-server-1" enter after start...
[2022-02-09 14:45:10.347] [INFO] pomelo - [32m[/Users/bogdan.gherghina/Documents/TestERPK/HelloWorld/game-server/node_modules/pomelo/lib/application.js] [39m"connector-server-1" finish start
[2022-02-09 14:45:10.347] [INFO] pomelo - [32m[/Users/bogdan.gherghina/Documents/TestERPK/HelloWorld/game-server/node_modules/pomelo/lib/application.js] [39m"connector-server-1" startup in 162 ms
[2022-02-09 14:45:14.552] [DEBUG] pomelo - [36m[/Users/bogdan.gherghina/Documents/TestERPK/HelloWorld/game-server/node_modules/pomelo/lib/components/connector.js] [39m[connector-server-1] getSession session is created with session id: 1
[2022-02-09 14:45:14.565] [DEBUG] pomelo - [36m[/Users/bogdan.gherghina/Documents/TestERPK/HelloWorld/game-server/node_modules/pomelo/lib/components/connector.js] [39m[connector-server-1] handleMessage session id: 1, msg: {"id":3,"type":0,"compressRoute":0,"route":"connector.entryHandler.longestSequenceOfZeroes","body":"hello","compressGzip":0}
[2022-02-09 14:45:14.569] [DEBUG] pomelo - [36m[/Users/bogdan.gherghina/Documents/TestERPK/HelloWorld/game-server/node_modules/pomelo/lib/components/connector.js] [39m[connector-server-1] send message reqId: 3, route: connector.entryHandler.longestSequenceOfZeroes, msg: {"code":200,"msg":2}, receivers: [1], opts: {"type":"response","userOptions":{},"isResponse":true}
[2022-02-09 14:45:39.042] [DEBUG] pomelo - [36m[/Users/bogdan.gherghina/Documents/TestERPK/HelloWorld/game-server/node_modules/pomelo/lib/components/connector.js] [39m[connector-server-1] getSession session is created with session id: 2
[2022-02-09 14:45:39.049] [DEBUG] pomelo - [36m[/Users/bogdan.gherghina/Documents/TestERPK/HelloWorld/game-server/node_modules/pomelo/lib/components/connector.js] [39m[connector-server-1] handleMessage session id: 2, msg: {"id":4,"type":0,"compressRoute":0,"route":"connector.entryHandler.longestSequenceOfZeroes","body":"hello","compressGzip":0}
[2022-02-09 14:45:39.051] [DEBUG] pomelo - [36m[/Users/bogdan.gherghina/Documents/TestERPK/HelloWorld/game-server/node_modules/pomelo/lib/components/connector.js] [39m[connector-server-1] send message reqId: 4, route: connector.entryHandler.longestSequenceOfZeroes, msg: {"code":200,"msg":2}, receivers: [2], opts: {"type":"response","userOptions":{},"isResponse":true}
[2022-02-09 14:45:43.125] [INFO] pomelo - [32m[/Users/bogdan.gherghina/Documents/TestERPK/HelloWorld/game-server/node_modules/pomelo/lib/application.js] [39mapplication inited: "connector-server-1"
[2022-02-09 14:45:43.303] [INFO] pomelo - [32m[/Users/bogdan.gherghina/Documents/TestERPK/HelloWorld/game-server/node_modules/pomelo/lib/application.js] [39m"connector-server-1" enter after start...
[2022-02-09 14:45:43.306] [INFO] pomelo - [32m[/Users/bogdan.gherghina/Documents/TestERPK/HelloWorld/game-server/node_modules/pomelo/lib/application.js] [39m"connector-server-1" finish start
[2022-02-09 14:45:43.306] [INFO] pomelo - [32m[/Users/bogdan.gherghina/Documents/TestERPK/HelloWorld/game-server/node_modules/pomelo/lib/application.js] [39m"connector-server-1" startup in 161 ms
[2022-02-09 14:45:45.788] [DEBUG] pomelo - [36m[/Users/bogdan.gherghina/Documents/TestERPK/HelloWorld/game-server/node_modules/pomelo/lib/components/connector.js] [39m[connector-server-1] getSession session is created with session id: 1
[2022-02-09 14:45:45.801] [DEBUG] pomelo - [36m[/Users/bogdan.gherghina/Documents/TestERPK/HelloWorld/game-server/node_modules/pomelo/lib/components/connector.js] [39m[connector-server-1] handleMessage session id: 1, msg: {"id":5,"type":0,"compressRoute":0,"route":"connector.entryHandler.longestSequenceOfZeroes","body":"hello","compressGzip":0}
[2022-02-09 14:45:45.803] [DEBUG] pomelo - [36m[/Users/bogdan.gherghina/Documents/TestERPK/HelloWorld/game-server/node_modules/pomelo/lib/components/connector.js] [39m[connector-server-1] send message reqId: 5, route: connector.entryHandler.longestSequenceOfZeroes, msg: {"code":200,"msg":2}, receivers: [1], opts: {"type":"response","userOptions":{},"isResponse":true}
[2022-02-09 14:45:51.802] [INFO] pomelo - [32m[/Users/bogdan.gherghina/Documents/TestERPK/HelloWorld/game-server/node_modules/pomelo/lib/connectors/commands/heartbeat.js] [39mclient 1 heartbeat timeout.
[2022-02-09 14:45:51.804] [DEBUG] pomelo - [36m[/Users/bogdan.gherghina/Documents/TestERPK/HelloWorld/game-server/node_modules/pomelo/lib/common/service/sessionService.js] [39msession on [connector-server-1] is closed with session id: 1
[2022-02-09 14:46:10.811] [INFO] pomelo - [32m[/Users/bogdan.gherghina/Documents/TestERPK/HelloWorld/game-server/node_modules/pomelo/lib/application.js] [39mapplication inited: "connector-server-1"
[2022-02-09 14:46:10.989] [INFO] pomelo - [32m[/Users/bogdan.gherghina/Documents/TestERPK/HelloWorld/game-server/node_modules/pomelo/lib/application.js] [39m"connector-server-1" enter after start...
[2022-02-09 14:46:10.992] [INFO] pomelo - [32m[/Users/bogdan.gherghina/Documents/TestERPK/HelloWorld/game-server/node_modules/pomelo/lib/application.js] [39m"connector-server-1" finish start
[2022-02-09 14:46:10.993] [INFO] pomelo - [32m[/Users/bogdan.gherghina/Documents/TestERPK/HelloWorld/game-server/node_modules/pomelo/lib/application.js] [39m"connector-server-1" startup in 162 ms
[2022-02-09 14:46:21.037] [DEBUG] pomelo - [36m[/Users/bogdan.gherghina/Documents/TestERPK/HelloWorld/game-server/node_modules/pomelo/lib/components/connector.js] [39m[connector-server-1] getSession session is created with session id: 1
[2022-02-09 14:46:21.055] [DEBUG] pomelo - [36m[/Users/bogdan.gherghina/Documents/TestERPK/HelloWorld/game-server/node_modules/pomelo/lib/components/connector.js] [39m[connector-server-1] handleMessage session id: 1, msg: {"id":6,"type":0,"compressRoute":0,"route":"connector.entryHandler.longestSequenceOfZeroes","body":"hello","compressGzip":0}
[2022-02-09 14:46:21.060] [DEBUG] pomelo - [36m[/Users/bogdan.gherghina/Documents/TestERPK/HelloWorld/game-server/node_modules/pomelo/lib/components/connector.js] [39m[connector-server-1] send message reqId: 6, route: connector.entryHandler.longestSequenceOfZeroes, msg: {"code":200,"msg":1}, receivers: [1], opts: {"type":"response","userOptions":{},"isResponse":true}
[2022-02-09 14:46:48.078] [INFO] pomelo - [32m[/Users/bogdan.gherghina/Documents/TestERPK/HelloWorld/game-server/node_modules/pomelo/lib/application.js] [39mapplication inited: "connector-server-1"
[2022-02-09 14:46:48.267] [INFO] pomelo - [32m[/Users/bogdan.gherghina/Documents/TestERPK/HelloWorld/game-server/node_modules/pomelo/lib/application.js] [39m"connector-server-1" enter after start...
[2022-02-09 14:46:48.269] [INFO] pomelo - [32m[/Users/bogdan.gherghina/Documents/TestERPK/HelloWorld/game-server/node_modules/pomelo/lib/application.js] [39m"connector-server-1" finish start
[2022-02-09 14:46:48.270] [INFO] pomelo - [32m[/Users/bogdan.gherghina/Documents/TestERPK/HelloWorld/game-server/node_modules/pomelo/lib/application.js] [39m"connector-server-1" startup in 170 ms
[2022-02-09 14:46:57.721] [DEBUG] pomelo - [36m[/Users/bogdan.gherghina/Documents/TestERPK/HelloWorld/game-server/node_modules/pomelo/lib/components/connector.js] [39m[connector-server-1] getSession session is created with session id: 1
[2022-02-09 14:46:57.738] [DEBUG] pomelo - [36m[/Users/bogdan.gherghina/Documents/TestERPK/HelloWorld/game-server/node_modules/pomelo/lib/components/connector.js] [39m[connector-server-1] handleMessage session id: 1, msg: {"id":1,"type":0,"compressRoute":0,"route":"connector.entryHandler.longestSequenceOfZeroes","body":100,"compressGzip":0}
[2022-02-09 14:46:57.743] [DEBUG] pomelo - [36m[/Users/bogdan.gherghina/Documents/TestERPK/HelloWorld/game-server/node_modules/pomelo/lib/components/connector.js] [39m[connector-server-1] send message reqId: 1, route: connector.entryHandler.longestSequenceOfZeroes, msg: {"code":200,"msg":2}, receivers: [1], opts: {"type":"response","userOptions":{},"isResponse":true}
[2022-02-09 14:48:04.895] [DEBUG] pomelo - [36m[/Users/bogdan.gherghina/Documents/TestERPK/HelloWorld/game-server/node_modules/pomelo/lib/common/service/sessionService.js] [39msession on [connector-server-1] is closed with session id: 1
[2022-02-09 14:48:09.091] [DEBUG] pomelo - [36m[/Users/bogdan.gherghina/Documents/TestERPK/HelloWorld/game-server/node_modules/pomelo/lib/components/connector.js] [39m[connector-server-1] getSession session is created with session id: 2
[2022-02-09 14:48:09.098] [DEBUG] pomelo - [36m[/Users/bogdan.gherghina/Documents/TestERPK/HelloWorld/game-server/node_modules/pomelo/lib/components/connector.js] [39m[connector-server-1] handleMessage session id: 2, msg: {"id":1,"type":0,"compressRoute":0,"route":"connector.entryHandler.longestSequenceOfZeroes","body":1000,"compressGzip":0}
[2022-02-09 14:48:09.098] [DEBUG] pomelo - [36m[/Users/bogdan.gherghina/Documents/TestERPK/HelloWorld/game-server/node_modules/pomelo/lib/components/connector.js] [39m[connector-server-1] send message reqId: 1, route: connector.entryHandler.longestSequenceOfZeroes, msg: {"code":200,"msg":3}, receivers: [2], opts: {"type":"response","userOptions":{},"isResponse":true}
[2022-02-09 15:25:03.786] [INFO] pomelo - [32m[/Users/bogdan.gherghina/Documents/TestERPK/HelloWorld/game-server/node_modules/pomelo/lib/connectors/commands/heartbeat.js] [39mclient 2 heartbeat timeout.
[2022-02-09 15:25:03.790] [DEBUG] pomelo - [36m[/Users/bogdan.gherghina/Documents/TestERPK/HelloWorld/game-server/node_modules/pomelo/lib/common/service/sessionService.js] [39msession on [connector-server-1] is closed with session id: 2
